<?xml version="1.0" encoding="UTF-8"?>
<coverage generated="1700661520430" clover="3.2.0">
  <project timestamp="1700661520430" name="All files">
    <metrics statements="248" coveredstatements="217" conditionals="27" coveredconditionals="26" methods="12" coveredmethods="11" elements="287" coveredelements="254" complexity="0" loc="248" ncloc="248" packages="1" files="1" classes="1"/>
    <file name="Select.tsx" path="/home/caver/Documents/react-select/src/Select.tsx">
      <metrics statements="248" coveredstatements="217" conditionals="27" coveredconditionals="26" methods="12" coveredmethods="11"/>
      <line num="1" count="1" type="stmt"/>
      <line num="2" count="1" type="stmt"/>
      <line num="3" count="1" type="stmt"/>
      <line num="4" count="1" type="stmt"/>
      <line num="5" count="1" type="stmt"/>
      <line num="6" count="1" type="stmt"/>
      <line num="7" count="13" type="cond" truecount="1" falsecount="0"/>
      <line num="8" count="13" type="stmt"/>
      <line num="9" count="13" type="stmt"/>
      <line num="10" count="13" type="stmt"/>
      <line num="11" count="13" type="stmt"/>
      <line num="12" count="13" type="stmt"/>
      <line num="13" count="13" type="stmt"/>
      <line num="14" count="13" type="stmt"/>
      <line num="15" count="13" type="stmt"/>
      <line num="16" count="13" type="stmt"/>
      <line num="17" count="13" type="stmt"/>
      <line num="18" count="13" type="stmt"/>
      <line num="19" count="13" type="stmt"/>
      <line num="20" count="13" type="stmt"/>
      <line num="21" count="13" type="stmt"/>
      <line num="22" count="13" type="stmt"/>
      <line num="23" count="13" type="stmt"/>
      <line num="24" count="13" type="stmt"/>
      <line num="25" count="13" type="stmt"/>
      <line num="26" count="13" type="stmt"/>
      <line num="27" count="13" type="stmt"/>
      <line num="28" count="13" type="stmt"/>
      <line num="29" count="13" type="stmt"/>
      <line num="30" count="13" type="stmt"/>
      <line num="31" count="13" type="stmt"/>
      <line num="32" count="13" type="stmt"/>
      <line num="33" count="13" type="stmt"/>
      <line num="34" count="13" type="stmt"/>
      <line num="35" count="13" type="stmt"/>
      <line num="36" count="13" type="stmt"/>
      <line num="37" count="13" type="stmt"/>
      <line num="38" count="13" type="stmt"/>
      <line num="39" count="13" type="stmt"/>
      <line num="40" count="13" type="stmt"/>
      <line num="41" count="13" type="stmt"/>
      <line num="42" count="13" type="stmt"/>
      <line num="43" count="13" type="stmt"/>
      <line num="44" count="13" type="cond" truecount="1" falsecount="0"/>
      <line num="45" count="5" type="stmt"/>
      <line num="46" count="5" type="stmt"/>
      <line num="47" count="5" type="stmt"/>
      <line num="48" count="5" type="stmt"/>
      <line num="49" count="5" type="stmt"/>
      <line num="50" count="5" type="cond" truecount="1" falsecount="0"/>
      <line num="51" count="1" type="stmt"/>
      <line num="52" count="1" type="stmt"/>
      <line num="53" count="5" type="stmt"/>
      <line num="54" count="5" type="stmt"/>
      <line num="55" count="5" type="stmt"/>
      <line num="56" count="5" type="stmt"/>
      <line num="57" count="5" type="stmt"/>
      <line num="58" count="5" type="stmt"/>
      <line num="59" count="5" type="stmt"/>
      <line num="60" count="5" type="stmt"/>
      <line num="61" count="13" type="stmt"/>
      <line num="62" count="13" type="cond" truecount="1" falsecount="0"/>
      <line num="63" count="11" type="cond" truecount="1" falsecount="0"/>
      <line num="64" count="16" type="stmt"/>
      <line num="65" count="16" type="stmt"/>
      <line num="66" count="11" type="stmt"/>
      <line num="67" count="11" type="stmt"/>
      <line num="68" count="11" type="cond" truecount="1" falsecount="0"/>
      <line num="69" count="11" type="stmt"/>
      <line num="70" count="13" type="stmt"/>
      <line num="71" count="13" type="cond" truecount="1" falsecount="0"/>
      <line num="72" count="12" type="stmt"/>
      <line num="73" count="12" type="stmt"/>
      <line num="74" count="12" type="stmt"/>
      <line num="75" count="12" type="cond" truecount="1" falsecount="0"/>
      <line num="76" count="1" type="stmt"/>
      <line num="77" count="1" type="stmt"/>
      <line num="78" count="12" type="cond" truecount="1" falsecount="0"/>
      <line num="79" count="1" type="stmt"/>
      <line num="80" count="1" type="stmt"/>
      <line num="81" count="12" type="stmt"/>
      <line num="82" count="12" type="stmt"/>
      <line num="83" count="12" type="stmt"/>
      <line num="84" count="13" type="stmt"/>
      <line num="85" count="13" type="cond" truecount="1" falsecount="0"/>
      <line num="86" count="4" type="stmt"/>
      <line num="87" count="4" type="stmt"/>
      <line num="88" count="4" type="stmt"/>
      <line num="89" count="4" type="stmt"/>
      <line num="90" count="4" type="stmt"/>
      <line num="91" count="4" type="stmt"/>
      <line num="92" count="4" type="cond" truecount="1" falsecount="0"/>
      <line num="93" count="4" type="stmt"/>
      <line num="94" count="4" type="stmt"/>
      <line num="95" count="4" type="stmt"/>
      <line num="96" count="4" type="stmt"/>
      <line num="97" count="4" type="stmt"/>
      <line num="98" count="4" type="stmt"/>
      <line num="99" count="4" type="stmt"/>
      <line num="100" count="13" type="stmt"/>
      <line num="101" count="13" type="cond" truecount="1" falsecount="0"/>
      <line num="102" count="8" type="cond" truecount="1" falsecount="0"/>
      <line num="103" count="8" type="cond" truecount="1" falsecount="0"/>
      <line num="104" count="8" type="stmt"/>
      <line num="105" count="8" type="stmt"/>
      <line num="106" count="8" type="stmt"/>
      <line num="107" count="8" type="stmt"/>
      <line num="108" count="8" type="stmt"/>
      <line num="109" count="13" type="stmt"/>
      <line num="110" count="13" type="cond" truecount="1" falsecount="0"/>
      <line num="111" count="7" type="cond" truecount="1" falsecount="0"/>
      <line num="112" count="7" type="cond" truecount="1" falsecount="0"/>
      <line num="113" count="3" type="stmt"/>
      <line num="114" count="3" type="stmt"/>
      <line num="115" count="7" type="stmt"/>
      <line num="116" count="13" type="stmt"/>
      <line num="117" count="13" type="stmt"/>
      <line num="118" count="0" type="stmt"/>
      <line num="119" count="0" type="stmt"/>
      <line num="120" count="0" type="stmt"/>
      <line num="121" count="0" type="stmt"/>
      <line num="122" count="0" type="stmt"/>
      <line num="123" count="0" type="stmt"/>
      <line num="124" count="0" type="stmt"/>
      <line num="125" count="0" type="stmt"/>
      <line num="126" count="0" type="stmt"/>
      <line num="127" count="0" type="stmt"/>
      <line num="128" count="0" type="stmt"/>
      <line num="129" count="0" type="stmt"/>
      <line num="130" count="0" type="stmt"/>
      <line num="131" count="0" type="stmt"/>
      <line num="132" count="0" type="stmt"/>
      <line num="133" count="0" type="stmt"/>
      <line num="134" count="0" type="stmt"/>
      <line num="135" count="0" type="stmt"/>
      <line num="136" count="0" type="stmt"/>
      <line num="137" count="0" type="stmt"/>
      <line num="138" count="0" type="stmt"/>
      <line num="139" count="0" type="stmt"/>
      <line num="140" count="0" type="stmt"/>
      <line num="141" count="0" type="stmt"/>
      <line num="142" count="0" type="stmt"/>
      <line num="143" count="0" type="stmt"/>
      <line num="144" count="0" type="stmt"/>
      <line num="145" count="0" type="stmt"/>
      <line num="146" count="0" type="stmt"/>
      <line num="147" count="0" type="stmt"/>
      <line num="148" count="0" type="stmt"/>
      <line num="149" count="13" type="stmt"/>
      <line num="150" count="13" type="stmt"/>
      <line num="151" count="13" type="stmt"/>
      <line num="152" count="13" type="stmt"/>
      <line num="153" count="13" type="stmt"/>
      <line num="154" count="13" type="stmt"/>
      <line num="155" count="13" type="stmt"/>
      <line num="156" count="13" type="stmt"/>
      <line num="157" count="13" type="stmt"/>
      <line num="158" count="13" type="stmt"/>
      <line num="159" count="13" type="stmt"/>
      <line num="160" count="13" type="stmt"/>
      <line num="161" count="13" type="stmt"/>
      <line num="162" count="13" type="stmt"/>
      <line num="163" count="13" type="stmt"/>
      <line num="164" count="13" type="stmt"/>
      <line num="165" count="13" type="stmt"/>
      <line num="166" count="13" type="cond" truecount="1" falsecount="0"/>
      <line num="167" count="1" type="stmt"/>
      <line num="168" count="1" type="stmt"/>
      <line num="169" count="1" type="stmt"/>
      <line num="170" count="1" type="stmt"/>
      <line num="171" count="1" type="stmt"/>
      <line num="172" count="1" type="stmt"/>
      <line num="173" count="1" type="stmt"/>
      <line num="174" count="1" type="stmt"/>
      <line num="175" count="1" type="stmt"/>
      <line num="176" count="13" type="stmt"/>
      <line num="177" count="13" type="stmt"/>
      <line num="178" count="13" type="cond" truecount="1" falsecount="0"/>
      <line num="179" count="26" type="stmt"/>
      <line num="180" count="26" type="stmt"/>
      <line num="181" count="26" type="stmt"/>
      <line num="182" count="26" type="stmt"/>
      <line num="183" count="26" type="stmt"/>
      <line num="184" count="26" type="stmt"/>
      <line num="185" count="13" type="stmt"/>
      <line num="186" count="13" type="stmt"/>
      <line num="187" count="13" type="stmt"/>
      <line num="188" count="13" type="stmt"/>
      <line num="189" count="13" type="stmt"/>
      <line num="190" count="13" type="stmt"/>
      <line num="191" count="13" type="stmt"/>
      <line num="192" count="13" type="stmt"/>
      <line num="193" count="13" type="stmt"/>
      <line num="194" count="13" type="stmt"/>
      <line num="195" count="13" type="stmt"/>
      <line num="196" count="13" type="stmt"/>
      <line num="197" count="13" type="cond" truecount="1" falsecount="0"/>
      <line num="198" count="5" type="stmt"/>
      <line num="199" count="5" type="stmt"/>
      <line num="200" count="5" type="cond" truecount="1" falsecount="0"/>
      <line num="201" count="4" type="stmt"/>
      <line num="202" count="5" type="cond" truecount="1" falsecount="0"/>
      <line num="203" count="1" type="stmt"/>
      <line num="204" count="1" type="stmt"/>
      <line num="205" count="5" type="stmt"/>
      <line num="206" count="13" type="stmt"/>
      <line num="207" count="13" type="stmt"/>
      <line num="208" count="13" type="stmt"/>
      <line num="209" count="13" type="stmt"/>
      <line num="210" count="13" type="stmt"/>
      <line num="211" count="13" type="stmt"/>
      <line num="212" count="13" type="stmt"/>
      <line num="213" count="13" type="cond" truecount="1" falsecount="0"/>
      <line num="214" count="26" type="stmt"/>
      <line num="215" count="26" type="cond" truecount="2" falsecount="0"/>
      <line num="216" count="26" type="stmt"/>
      <line num="217" count="26" type="stmt"/>
      <line num="218" count="26" type="stmt"/>
      <line num="219" count="26" type="cond" truecount="1" falsecount="0"/>
      <line num="220" count="4" type="stmt"/>
      <line num="221" count="4" type="stmt"/>
      <line num="222" count="4" type="stmt"/>
      <line num="223" count="4" type="stmt"/>
      <line num="224" count="4" type="stmt"/>
      <line num="225" count="4" type="stmt"/>
      <line num="226" count="4" type="stmt"/>
      <line num="227" count="4" type="stmt"/>
      <line num="228" count="4" type="stmt"/>
      <line num="229" count="4" type="stmt"/>
      <line num="230" count="4" type="stmt"/>
      <line num="231" count="4" type="stmt"/>
      <line num="232" count="4" type="stmt"/>
      <line num="233" count="4" type="stmt"/>
      <line num="234" count="4" type="stmt"/>
      <line num="235" count="4" type="stmt"/>
      <line num="236" count="4" type="stmt"/>
      <line num="237" count="4" type="stmt"/>
      <line num="238" count="26" type="stmt"/>
      <line num="239" count="26" type="stmt"/>
      <line num="240" count="26" type="stmt"/>
      <line num="241" count="13" type="stmt"/>
      <line num="242" count="13" type="stmt"/>
      <line num="243" count="13" type="stmt"/>
      <line num="244" count="13" type="cond" truecount="0" falsecount="1"/>
      <line num="245" count="13" type="stmt"/>
      <line num="246" count="13" type="stmt"/>
      <line num="247" count="13" type="stmt"/>
      <line num="248" count="13" type="stmt"/>
    </file>
  </project>
</coverage>
