{"/home/caver/Documents/react-select/src/Select.tsx": {"path":"/home/caver/Documents/react-select/src/Select.tsx","all":false,"statementMap":{"0":{"start":{"line":1,"column":0},"end":{"line":1,"column":31}},"1":{"start":{"line":2,"column":0},"end":{"line":2,"column":60}},"2":{"start":{"line":3,"column":0},"end":{"line":3,"column":0}},"3":{"start":{"line":4,"column":0},"end":{"line":4,"column":53}},"4":{"start":{"line":5,"column":0},"end":{"line":5,"column":87}},"5":{"start":{"line":6,"column":0},"end":{"line":6,"column":0}},"6":{"start":{"line":7,"column":0},"end":{"line":7,"column":169}},"7":{"start":{"line":8,"column":0},"end":{"line":8,"column":4}},"8":{"start":{"line":9,"column":0},"end":{"line":9,"column":41}},"9":{"start":{"line":10,"column":0},"end":{"line":10,"column":0}},"10":{"start":{"line":11,"column":0},"end":{"line":11,"column":11}},"11":{"start":{"line":12,"column":0},"end":{"line":12,"column":24}},"12":{"start":{"line":13,"column":0},"end":{"line":13,"column":71}},"13":{"start":{"line":14,"column":0},"end":{"line":14,"column":37}},"14":{"start":{"line":15,"column":0},"end":{"line":15,"column":81}},"15":{"start":{"line":16,"column":0},"end":{"line":16,"column":13}},"16":{"start":{"line":17,"column":0},"end":{"line":17,"column":15}},"17":{"start":{"line":18,"column":0},"end":{"line":18,"column":28}},"18":{"start":{"line":19,"column":0},"end":{"line":19,"column":85}},"19":{"start":{"line":20,"column":0},"end":{"line":20,"column":49}},"20":{"start":{"line":21,"column":0},"end":{"line":21,"column":4}},"21":{"start":{"line":22,"column":0},"end":{"line":22,"column":0}},"22":{"start":{"line":23,"column":0},"end":{"line":23,"column":48}},"23":{"start":{"line":24,"column":0},"end":{"line":24,"column":57}},"24":{"start":{"line":25,"column":0},"end":{"line":25,"column":0}},"25":{"start":{"line":26,"column":0},"end":{"line":26,"column":4}},"26":{"start":{"line":27,"column":0},"end":{"line":27,"column":36}},"27":{"start":{"line":28,"column":0},"end":{"line":28,"column":67}},"28":{"start":{"line":29,"column":0},"end":{"line":29,"column":42}},"29":{"start":{"line":30,"column":0},"end":{"line":30,"column":4}},"30":{"start":{"line":31,"column":0},"end":{"line":31,"column":54}},"31":{"start":{"line":32,"column":0},"end":{"line":32,"column":32}},"32":{"start":{"line":33,"column":0},"end":{"line":33,"column":57}},"33":{"start":{"line":34,"column":0},"end":{"line":34,"column":42}},"34":{"start":{"line":35,"column":0},"end":{"line":35,"column":58}},"35":{"start":{"line":36,"column":0},"end":{"line":36,"column":33}},"36":{"start":{"line":37,"column":0},"end":{"line":37,"column":54}},"37":{"start":{"line":38,"column":0},"end":{"line":38,"column":33}},"38":{"start":{"line":39,"column":0},"end":{"line":39,"column":65}},"39":{"start":{"line":40,"column":0},"end":{"line":40,"column":0}},"40":{"start":{"line":41,"column":0},"end":{"line":41,"column":43}},"41":{"start":{"line":42,"column":0},"end":{"line":42,"column":48}},"42":{"start":{"line":43,"column":0},"end":{"line":43,"column":0}},"43":{"start":{"line":44,"column":0},"end":{"line":44,"column":67}},"44":{"start":{"line":45,"column":0},"end":{"line":45,"column":44}},"45":{"start":{"line":46,"column":0},"end":{"line":46,"column":0}},"46":{"start":{"line":47,"column":0},"end":{"line":47,"column":61}},"47":{"start":{"line":48,"column":0},"end":{"line":48,"column":53}},"48":{"start":{"line":49,"column":0},"end":{"line":49,"column":0}},"49":{"start":{"line":50,"column":0},"end":{"line":50,"column":23}},"50":{"start":{"line":51,"column":0},"end":{"line":51,"column":48}},"51":{"start":{"line":52,"column":0},"end":{"line":52,"column":5}},"52":{"start":{"line":53,"column":0},"end":{"line":53,"column":0}},"53":{"start":{"line":54,"column":0},"end":{"line":54,"column":19}},"54":{"start":{"line":55,"column":0},"end":{"line":55,"column":41}},"55":{"start":{"line":56,"column":0},"end":{"line":56,"column":5}},"56":{"start":{"line":57,"column":0},"end":{"line":57,"column":0}},"57":{"start":{"line":58,"column":0},"end":{"line":58,"column":101}},"58":{"start":{"line":59,"column":0},"end":{"line":59,"column":34}},"59":{"start":{"line":60,"column":0},"end":{"line":60,"column":3}},"60":{"start":{"line":61,"column":0},"end":{"line":61,"column":0}},"61":{"start":{"line":62,"column":0},"end":{"line":62,"column":83}},"62":{"start":{"line":63,"column":0},"end":{"line":63,"column":56}},"63":{"start":{"line":64,"column":0},"end":{"line":64,"column":46}},"64":{"start":{"line":65,"column":0},"end":{"line":65,"column":33}},"65":{"start":{"line":66,"column":0},"end":{"line":66,"column":7}},"66":{"start":{"line":67,"column":0},"end":{"line":67,"column":0}},"67":{"start":{"line":68,"column":0},"end":{"line":68,"column":26}},"68":{"start":{"line":69,"column":0},"end":{"line":69,"column":3}},"69":{"start":{"line":70,"column":0},"end":{"line":70,"column":0}},"70":{"start":{"line":71,"column":0},"end":{"line":71,"column":56}},"71":{"start":{"line":72,"column":0},"end":{"line":72,"column":74}},"72":{"start":{"line":73,"column":0},"end":{"line":73,"column":52}},"73":{"start":{"line":74,"column":0},"end":{"line":74,"column":0}},"74":{"start":{"line":75,"column":0},"end":{"line":75,"column":21}},"75":{"start":{"line":76,"column":0},"end":{"line":76,"column":45}},"76":{"start":{"line":77,"column":0},"end":{"line":77,"column":5}},"77":{"start":{"line":78,"column":0},"end":{"line":78,"column":17}},"78":{"start":{"line":79,"column":0},"end":{"line":79,"column":38}},"79":{"start":{"line":80,"column":0},"end":{"line":80,"column":5}},"80":{"start":{"line":81,"column":0},"end":{"line":81,"column":0}},"81":{"start":{"line":82,"column":0},"end":{"line":82,"column":42}},"82":{"start":{"line":83,"column":0},"end":{"line":83,"column":3}},"83":{"start":{"line":84,"column":0},"end":{"line":84,"column":0}},"84":{"start":{"line":85,"column":0},"end":{"line":85,"column":31}},"85":{"start":{"line":86,"column":0},"end":{"line":86,"column":54}},"86":{"start":{"line":87,"column":0},"end":{"line":87,"column":59}},"87":{"start":{"line":88,"column":0},"end":{"line":88,"column":69}},"88":{"start":{"line":89,"column":0},"end":{"line":89,"column":65}},"89":{"start":{"line":90,"column":0},"end":{"line":90,"column":0}},"90":{"start":{"line":91,"column":0},"end":{"line":91,"column":24}},"91":{"start":{"line":92,"column":0},"end":{"line":92,"column":131}},"92":{"start":{"line":93,"column":0},"end":{"line":93,"column":52}},"93":{"start":{"line":94,"column":0},"end":{"line":94,"column":5}},"94":{"start":{"line":95,"column":0},"end":{"line":95,"column":0}},"95":{"start":{"line":96,"column":0},"end":{"line":96,"column":34}},"96":{"start":{"line":97,"column":0},"end":{"line":97,"column":58}},"97":{"start":{"line":98,"column":0},"end":{"line":98,"column":68}},"98":{"start":{"line":99,"column":0},"end":{"line":99,"column":3}},"99":{"start":{"line":100,"column":0},"end":{"line":100,"column":0}},"100":{"start":{"line":101,"column":0},"end":{"line":101,"column":32}},"101":{"start":{"line":102,"column":0},"end":{"line":102,"column":57}},"102":{"start":{"line":103,"column":0},"end":{"line":103,"column":64}},"103":{"start":{"line":104,"column":0},"end":{"line":104,"column":34}},"104":{"start":{"line":105,"column":0},"end":{"line":105,"column":37}},"105":{"start":{"line":106,"column":0},"end":{"line":106,"column":61}},"106":{"start":{"line":107,"column":0},"end":{"line":107,"column":71}},"107":{"start":{"line":108,"column":0},"end":{"line":108,"column":3}},"108":{"start":{"line":109,"column":0},"end":{"line":109,"column":0}},"109":{"start":{"line":110,"column":0},"end":{"line":110,"column":40}},"110":{"start":{"line":111,"column":0},"end":{"line":111,"column":82}},"111":{"start":{"line":112,"column":0},"end":{"line":112,"column":28}},"112":{"start":{"line":113,"column":0},"end":{"line":113,"column":26}},"113":{"start":{"line":114,"column":0},"end":{"line":114,"column":5}},"114":{"start":{"line":115,"column":0},"end":{"line":115,"column":3}},"115":{"start":{"line":116,"column":0},"end":{"line":116,"column":0}},"116":{"start":{"line":117,"column":0},"end":{"line":117,"column":56}},"117":{"start":{"line":118,"column":0},"end":{"line":118,"column":28}},"118":{"start":{"line":119,"column":0},"end":{"line":119,"column":81}},"119":{"start":{"line":120,"column":0},"end":{"line":120,"column":51}},"120":{"start":{"line":121,"column":0},"end":{"line":121,"column":64}},"121":{"start":{"line":122,"column":0},"end":{"line":122,"column":5}},"122":{"start":{"line":123,"column":0},"end":{"line":123,"column":0}},"123":{"start":{"line":124,"column":0},"end":{"line":124,"column":30}},"124":{"start":{"line":125,"column":0},"end":{"line":125,"column":64}},"125":{"start":{"line":126,"column":0},"end":{"line":126,"column":51}},"126":{"start":{"line":127,"column":0},"end":{"line":127,"column":64}},"127":{"start":{"line":128,"column":0},"end":{"line":128,"column":5}},"128":{"start":{"line":129,"column":0},"end":{"line":129,"column":0}},"129":{"start":{"line":130,"column":0},"end":{"line":130,"column":48}},"130":{"start":{"line":131,"column":0},"end":{"line":131,"column":49}},"131":{"start":{"line":132,"column":0},"end":{"line":132,"column":25}},"132":{"start":{"line":133,"column":0},"end":{"line":133,"column":0}},"133":{"start":{"line":134,"column":0},"end":{"line":134,"column":72}},"134":{"start":{"line":135,"column":0},"end":{"line":135,"column":64}},"135":{"start":{"line":136,"column":0},"end":{"line":136,"column":0}},"136":{"start":{"line":137,"column":0},"end":{"line":137,"column":62}},"137":{"start":{"line":138,"column":0},"end":{"line":138,"column":45}},"138":{"start":{"line":139,"column":0},"end":{"line":139,"column":71}},"139":{"start":{"line":140,"column":0},"end":{"line":140,"column":7}},"140":{"start":{"line":141,"column":0},"end":{"line":141,"column":26}},"141":{"start":{"line":142,"column":0},"end":{"line":142,"column":5}},"142":{"start":{"line":143,"column":0},"end":{"line":143,"column":0}},"143":{"start":{"line":144,"column":0},"end":{"line":144,"column":38}},"144":{"start":{"line":145,"column":0},"end":{"line":145,"column":29}},"145":{"start":{"line":146,"column":0},"end":{"line":146,"column":26}},"146":{"start":{"line":147,"column":0},"end":{"line":147,"column":5}},"147":{"start":{"line":148,"column":0},"end":{"line":148,"column":3}},"148":{"start":{"line":149,"column":0},"end":{"line":149,"column":0}},"149":{"start":{"line":150,"column":0},"end":{"line":150,"column":10}},"150":{"start":{"line":151,"column":0},"end":{"line":151,"column":6}},"151":{"start":{"line":152,"column":0},"end":{"line":152,"column":11}},"152":{"start":{"line":153,"column":0},"end":{"line":153,"column":31}},"153":{"start":{"line":154,"column":0},"end":{"line":154,"column":15}},"154":{"start":{"line":155,"column":0},"end":{"line":155,"column":7}},"155":{"start":{"line":156,"column":0},"end":{"line":156,"column":15}},"156":{"start":{"line":157,"column":0},"end":{"line":157,"column":13}},"157":{"start":{"line":158,"column":0},"end":{"line":158,"column":37}},"158":{"start":{"line":159,"column":0},"end":{"line":159,"column":15}},"159":{"start":{"line":160,"column":0},"end":{"line":160,"column":37}},"160":{"start":{"line":161,"column":0},"end":{"line":161,"column":30}},"161":{"start":{"line":162,"column":0},"end":{"line":162,"column":50}},"162":{"start":{"line":163,"column":0},"end":{"line":163,"column":30}},"163":{"start":{"line":164,"column":0},"end":{"line":164,"column":19}},"164":{"start":{"line":165,"column":0},"end":{"line":165,"column":69}},"165":{"start":{"line":166,"column":0},"end":{"line":166,"column":28}},"166":{"start":{"line":167,"column":0},"end":{"line":167,"column":27}},"167":{"start":{"line":168,"column":0},"end":{"line":168,"column":77}},"168":{"start":{"line":169,"column":0},"end":{"line":169,"column":70}},"169":{"start":{"line":170,"column":0},"end":{"line":170,"column":41}},"170":{"start":{"line":171,"column":0},"end":{"line":171,"column":77}},"171":{"start":{"line":172,"column":0},"end":{"line":172,"column":43}},"172":{"start":{"line":173,"column":0},"end":{"line":173,"column":95}},"173":{"start":{"line":174,"column":0},"end":{"line":174,"column":13}},"174":{"start":{"line":175,"column":0},"end":{"line":175,"column":12}},"175":{"start":{"line":176,"column":0},"end":{"line":176,"column":9}},"176":{"start":{"line":177,"column":0},"end":{"line":177,"column":49}},"177":{"start":{"line":178,"column":0},"end":{"line":178,"column":59}},"178":{"start":{"line":179,"column":0},"end":{"line":179,"column":19}},"179":{"start":{"line":180,"column":0},"end":{"line":180,"column":25}},"180":{"start":{"line":181,"column":0},"end":{"line":181,"column":34}},"181":{"start":{"line":182,"column":0},"end":{"line":182,"column":13}},"182":{"start":{"line":183,"column":0},"end":{"line":183,"column":28}},"183":{"start":{"line":184,"column":0},"end":{"line":184,"column":21}},"184":{"start":{"line":185,"column":0},"end":{"line":185,"column":13}},"185":{"start":{"line":186,"column":0},"end":{"line":186,"column":17}},"186":{"start":{"line":187,"column":0},"end":{"line":187,"column":0}},"187":{"start":{"line":188,"column":0},"end":{"line":188,"column":74}},"188":{"start":{"line":189,"column":0},"end":{"line":189,"column":12}},"189":{"start":{"line":190,"column":0},"end":{"line":190,"column":30}},"190":{"start":{"line":191,"column":0},"end":{"line":191,"column":50}},"191":{"start":{"line":192,"column":0},"end":{"line":192,"column":28}},"192":{"start":{"line":193,"column":0},"end":{"line":193,"column":9}},"193":{"start":{"line":194,"column":0},"end":{"line":194,"column":14}},"194":{"start":{"line":195,"column":0},"end":{"line":195,"column":35}},"195":{"start":{"line":196,"column":0},"end":{"line":196,"column":44}},"196":{"start":{"line":197,"column":0},"end":{"line":197,"column":28}},"197":{"start":{"line":198,"column":0},"end":{"line":198,"column":87}},"198":{"start":{"line":199,"column":0},"end":{"line":199,"column":0}},"199":{"start":{"line":200,"column":0},"end":{"line":200,"column":29}},"200":{"start":{"line":201,"column":0},"end":{"line":201,"column":35}},"201":{"start":{"line":202,"column":0},"end":{"line":202,"column":22}},"202":{"start":{"line":203,"column":0},"end":{"line":203,"column":36}},"203":{"start":{"line":204,"column":0},"end":{"line":204,"column":15}},"204":{"start":{"line":205,"column":0},"end":{"line":205,"column":14}},"205":{"start":{"line":206,"column":0},"end":{"line":206,"column":11}},"206":{"start":{"line":207,"column":0},"end":{"line":207,"column":25}},"207":{"start":{"line":208,"column":0},"end":{"line":208,"column":16}},"208":{"start":{"line":209,"column":0},"end":{"line":209,"column":14}},"209":{"start":{"line":210,"column":0},"end":{"line":210,"column":36}},"210":{"start":{"line":211,"column":0},"end":{"line":211,"column":44}},"211":{"start":{"line":212,"column":0},"end":{"line":212,"column":11}},"212":{"start":{"line":213,"column":0},"end":{"line":213,"column":61}},"213":{"start":{"line":214,"column":0},"end":{"line":214,"column":18}},"214":{"start":{"line":215,"column":0},"end":{"line":215,"column":82}},"215":{"start":{"line":216,"column":0},"end":{"line":216,"column":47}},"216":{"start":{"line":217,"column":0},"end":{"line":217,"column":27}},"217":{"start":{"line":218,"column":0},"end":{"line":218,"column":41}},"218":{"start":{"line":219,"column":0},"end":{"line":219,"column":32}},"219":{"start":{"line":220,"column":0},"end":{"line":220,"column":71}},"220":{"start":{"line":221,"column":0},"end":{"line":221,"column":52}},"221":{"start":{"line":222,"column":0},"end":{"line":222,"column":73}},"222":{"start":{"line":223,"column":0},"end":{"line":223,"column":19}},"223":{"start":{"line":224,"column":0},"end":{"line":224,"column":65}},"224":{"start":{"line":225,"column":0},"end":{"line":225,"column":35}},"225":{"start":{"line":226,"column":0},"end":{"line":226,"column":72}},"226":{"start":{"line":227,"column":0},"end":{"line":227,"column":19}},"227":{"start":{"line":228,"column":0},"end":{"line":228,"column":0}},"228":{"start":{"line":229,"column":0},"end":{"line":229,"column":62}},"229":{"start":{"line":230,"column":0},"end":{"line":230,"column":90}},"230":{"start":{"line":231,"column":0},"end":{"line":231,"column":0}},"231":{"start":{"line":232,"column":0},"end":{"line":232,"column":33}},"232":{"start":{"line":233,"column":0},"end":{"line":233,"column":81}},"233":{"start":{"line":234,"column":0},"end":{"line":234,"column":40}},"234":{"start":{"line":235,"column":0},"end":{"line":235,"column":72}},"235":{"start":{"line":236,"column":0},"end":{"line":236,"column":38}},"236":{"start":{"line":237,"column":0},"end":{"line":237,"column":18}},"237":{"start":{"line":238,"column":0},"end":{"line":238,"column":15}},"238":{"start":{"line":239,"column":0},"end":{"line":239,"column":30}},"239":{"start":{"line":240,"column":0},"end":{"line":240,"column":20}},"240":{"start":{"line":241,"column":0},"end":{"line":241,"column":15}},"241":{"start":{"line":242,"column":0},"end":{"line":242,"column":16}},"242":{"start":{"line":243,"column":0},"end":{"line":243,"column":14}},"243":{"start":{"line":244,"column":0},"end":{"line":244,"column":97}},"244":{"start":{"line":245,"column":0},"end":{"line":245,"column":12}},"245":{"start":{"line":246,"column":0},"end":{"line":246,"column":7}},"246":{"start":{"line":247,"column":0},"end":{"line":247,"column":4}},"247":{"start":{"line":248,"column":0},"end":{"line":248,"column":1}}},"s":{"0":1,"1":1,"2":1,"3":1,"4":1,"5":1,"6":19,"7":19,"8":19,"9":19,"10":19,"11":19,"12":19,"13":19,"14":19,"15":19,"16":19,"17":19,"18":19,"19":19,"20":19,"21":19,"22":19,"23":19,"24":19,"25":19,"26":19,"27":19,"28":19,"29":19,"30":19,"31":19,"32":19,"33":19,"34":19,"35":19,"36":19,"37":19,"38":19,"39":19,"40":19,"41":19,"42":19,"43":19,"44":10,"45":10,"46":10,"47":10,"48":10,"49":10,"50":4,"51":4,"52":10,"53":10,"54":10,"55":10,"56":10,"57":10,"58":10,"59":10,"60":19,"61":19,"62":21,"63":29,"64":29,"65":21,"66":21,"67":21,"68":21,"69":19,"70":19,"71":23,"72":23,"73":23,"74":23,"75":5,"76":5,"77":23,"78":5,"79":5,"80":23,"81":23,"82":23,"83":19,"84":19,"85":8,"86":8,"87":8,"88":8,"89":8,"90":8,"91":8,"92":8,"93":8,"94":8,"95":8,"96":8,"97":8,"98":8,"99":19,"100":19,"101":14,"102":14,"103":14,"104":14,"105":14,"106":14,"107":14,"108":19,"109":19,"110":11,"111":11,"112":3,"113":3,"114":11,"115":19,"116":19,"117":5,"118":5,"119":1,"120":1,"121":1,"122":5,"123":5,"124":5,"125":0,"126":0,"127":0,"128":5,"129":5,"130":5,"131":2,"132":2,"133":2,"134":2,"135":2,"136":2,"137":2,"138":2,"139":2,"140":2,"141":2,"142":5,"143":5,"144":5,"145":1,"146":1,"147":5,"148":19,"149":19,"150":19,"151":19,"152":19,"153":19,"154":19,"155":19,"156":19,"157":19,"158":19,"159":19,"160":19,"161":19,"162":19,"163":19,"164":19,"165":19,"166":1,"167":1,"168":1,"169":1,"170":1,"171":1,"172":1,"173":1,"174":1,"175":19,"176":19,"177":19,"178":38,"179":38,"180":38,"181":38,"182":38,"183":38,"184":19,"185":19,"186":19,"187":19,"188":19,"189":19,"190":19,"191":19,"192":19,"193":19,"194":19,"195":19,"196":19,"197":9,"198":9,"199":9,"200":8,"201":9,"202":1,"203":1,"204":9,"205":19,"206":19,"207":19,"208":19,"209":19,"210":19,"211":19,"212":19,"213":38,"214":38,"215":38,"216":38,"217":38,"218":38,"219":7,"220":7,"221":7,"222":7,"223":7,"224":7,"225":7,"226":7,"227":7,"228":7,"229":7,"230":7,"231":7,"232":7,"233":7,"234":7,"235":7,"236":7,"237":38,"238":38,"239":38,"240":19,"241":19,"242":19,"243":19,"244":19,"245":19,"246":19,"247":19},"branchMap":{"0":{"type":"branch","line":7,"loc":{"start":{"line":7,"column":0},"end":{"line":248,"column":1}},"locations":[{"start":{"line":7,"column":0},"end":{"line":248,"column":1}}]},"1":{"type":"branch","line":244,"loc":{"start":{"line":244,"column":9},"end":{"line":244,"column":97}},"locations":[{"start":{"line":244,"column":9},"end":{"line":244,"column":97}}]},"2":{"type":"branch","line":44,"loc":{"start":{"line":44,"column":2},"end":{"line":60,"column":3}},"locations":[{"start":{"line":44,"column":2},"end":{"line":60,"column":3}}]},"3":{"type":"branch","line":50,"loc":{"start":{"line":50,"column":22},"end":{"line":52,"column":5}},"locations":[{"start":{"line":50,"column":22},"end":{"line":52,"column":5}}]},"4":{"type":"branch","line":62,"loc":{"start":{"line":62,"column":2},"end":{"line":69,"column":3}},"locations":[{"start":{"line":62,"column":2},"end":{"line":69,"column":3}}]},"5":{"type":"branch","line":68,"loc":{"start":{"line":68,"column":11},"end":{"line":68,"column":26}},"locations":[{"start":{"line":68,"column":11},"end":{"line":68,"column":26}}]},"6":{"type":"branch","line":63,"loc":{"start":{"line":63,"column":47},"end":{"line":66,"column":5}},"locations":[{"start":{"line":63,"column":47},"end":{"line":66,"column":5}}]},"7":{"type":"branch","line":71,"loc":{"start":{"line":71,"column":2},"end":{"line":83,"column":3}},"locations":[{"start":{"line":71,"column":2},"end":{"line":83,"column":3}}]},"8":{"type":"branch","line":75,"loc":{"start":{"line":75,"column":20},"end":{"line":77,"column":5}},"locations":[{"start":{"line":75,"column":20},"end":{"line":77,"column":5}}]},"9":{"type":"branch","line":78,"loc":{"start":{"line":78,"column":16},"end":{"line":80,"column":5}},"locations":[{"start":{"line":78,"column":16},"end":{"line":80,"column":5}}]},"10":{"type":"branch","line":85,"loc":{"start":{"line":85,"column":2},"end":{"line":99,"column":3}},"locations":[{"start":{"line":85,"column":2},"end":{"line":99,"column":3}}]},"11":{"type":"branch","line":92,"loc":{"start":{"line":92,"column":66},"end":{"line":92,"column":129}},"locations":[{"start":{"line":92,"column":66},"end":{"line":92,"column":129}}]},"12":{"type":"branch","line":101,"loc":{"start":{"line":101,"column":2},"end":{"line":108,"column":3}},"locations":[{"start":{"line":101,"column":2},"end":{"line":108,"column":3}}]},"13":{"type":"branch","line":102,"loc":{"start":{"line":102,"column":19},"end":{"line":102,"column":38}},"locations":[{"start":{"line":102,"column":19},"end":{"line":102,"column":38}}]},"14":{"type":"branch","line":103,"loc":{"start":{"line":103,"column":19},"end":{"line":103,"column":41}},"locations":[{"start":{"line":103,"column":19},"end":{"line":103,"column":41}}]},"15":{"type":"branch","line":110,"loc":{"start":{"line":110,"column":2},"end":{"line":115,"column":3}},"locations":[{"start":{"line":110,"column":2},"end":{"line":115,"column":3}}]},"16":{"type":"branch","line":111,"loc":{"start":{"line":111,"column":46},"end":{"line":111,"column":64}},"locations":[{"start":{"line":111,"column":46},"end":{"line":111,"column":64}}]},"17":{"type":"branch","line":112,"loc":{"start":{"line":112,"column":27},"end":{"line":114,"column":5}},"locations":[{"start":{"line":112,"column":27},"end":{"line":114,"column":5}}]},"18":{"type":"branch","line":117,"loc":{"start":{"line":117,"column":2},"end":{"line":148,"column":3}},"locations":[{"start":{"line":117,"column":2},"end":{"line":148,"column":3}}]},"19":{"type":"branch","line":119,"loc":{"start":{"line":119,"column":18},"end":{"line":119,"column":80}},"locations":[{"start":{"line":119,"column":18},"end":{"line":119,"column":80}}]},"20":{"type":"branch","line":119,"loc":{"start":{"line":119,"column":80},"end":{"line":122,"column":5}},"locations":[{"start":{"line":119,"column":80},"end":{"line":122,"column":5}}]},"21":{"type":"branch","line":125,"loc":{"start":{"line":125,"column":18},"end":{"line":125,"column":63}},"locations":[{"start":{"line":125,"column":18},"end":{"line":125,"column":63}}]},"22":{"type":"branch","line":125,"loc":{"start":{"line":125,"column":63},"end":{"line":128,"column":5}},"locations":[{"start":{"line":125,"column":63},"end":{"line":128,"column":5}}]},"23":{"type":"branch","line":131,"loc":{"start":{"line":131,"column":18},"end":{"line":131,"column":48}},"locations":[{"start":{"line":131,"column":18},"end":{"line":131,"column":48}}]},"24":{"type":"branch","line":131,"loc":{"start":{"line":131,"column":48},"end":{"line":142,"column":5}},"locations":[{"start":{"line":131,"column":48},"end":{"line":142,"column":5}}]},"25":{"type":"branch","line":145,"loc":{"start":{"line":145,"column":28},"end":{"line":147,"column":5}},"locations":[{"start":{"line":145,"column":28},"end":{"line":147,"column":5}}]},"26":{"type":"branch","line":166,"loc":{"start":{"line":166,"column":20},"end":{"line":175,"column":12}},"locations":[{"start":{"line":166,"column":20},"end":{"line":175,"column":12}}]},"27":{"type":"branch","line":178,"loc":{"start":{"line":178,"column":23},"end":{"line":184,"column":21}},"locations":[{"start":{"line":178,"column":23},"end":{"line":184,"column":21}}]},"28":{"type":"branch","line":197,"loc":{"start":{"line":197,"column":21},"end":{"line":205,"column":14}},"locations":[{"start":{"line":197,"column":21},"end":{"line":205,"column":14}}]},"29":{"type":"branch","line":200,"loc":{"start":{"line":200,"column":28},"end":{"line":202,"column":21}},"locations":[{"start":{"line":200,"column":28},"end":{"line":202,"column":21}}]},"30":{"type":"branch","line":202,"loc":{"start":{"line":202,"column":14},"end":{"line":204,"column":15}},"locations":[{"start":{"line":202,"column":14},"end":{"line":204,"column":15}}]},"31":{"type":"branch","line":213,"loc":{"start":{"line":213,"column":25},"end":{"line":240,"column":20}},"locations":[{"start":{"line":213,"column":25},"end":{"line":240,"column":20}}]},"32":{"type":"branch","line":215,"loc":{"start":{"line":215,"column":21},"end":{"line":215,"column":82}},"locations":[{"start":{"line":215,"column":21},"end":{"line":215,"column":82}}]},"33":{"type":"branch","line":215,"loc":{"start":{"line":215,"column":34},"end":{"line":215,"column":82}},"locations":[{"start":{"line":215,"column":34},"end":{"line":215,"column":82}}]},"34":{"type":"branch","line":219,"loc":{"start":{"line":219,"column":25},"end":{"line":237,"column":18}},"locations":[{"start":{"line":219,"column":25},"end":{"line":237,"column":18}}]}},"b":{"0":[19],"1":[0],"2":[10],"3":[4],"4":[21],"5":[6],"6":[29],"7":[23],"8":[5],"9":[5],"10":[8],"11":[12],"12":[14],"13":[11],"14":[11],"15":[11],"16":[8],"17":[3],"18":[5],"19":[1],"20":[1],"21":[1],"22":[0],"23":[3],"24":[2],"25":[1],"26":[1],"27":[38],"28":[9],"29":[8],"30":[1],"31":[38],"32":[76],"33":[38],"34":[7]},"fnMap":{"0":{"name":"Select","decl":{"start":{"line":7,"column":0},"end":{"line":248,"column":1}},"loc":{"start":{"line":7,"column":0},"end":{"line":248,"column":1}},"line":7},"1":{"name":"updateCustomSelectChecked","decl":{"start":{"line":44,"column":2},"end":{"line":60,"column":3}},"loc":{"start":{"line":44,"column":2},"end":{"line":60,"column":3}},"line":44},"2":{"name":"findOption","decl":{"start":{"line":62,"column":2},"end":{"line":69,"column":3}},"loc":{"start":{"line":62,"column":2},"end":{"line":69,"column":3}},"line":62},"3":{"name":"updateCustomSelectHovered","decl":{"start":{"line":71,"column":2},"end":{"line":83,"column":3}},"loc":{"start":{"line":71,"column":2},"end":{"line":83,"column":3}},"line":71},"4":{"name":"openSelectCustom","decl":{"start":{"line":85,"column":2},"end":{"line":99,"column":3}},"loc":{"start":{"line":85,"column":2},"end":{"line":99,"column":3}},"line":85},"5":{"name":"closeSelectCustom","decl":{"start":{"line":101,"column":2},"end":{"line":108,"column":3}},"loc":{"start":{"line":101,"column":2},"end":{"line":108,"column":3}},"line":101},"6":{"name":"watchClickOutside","decl":{"start":{"line":110,"column":2},"end":{"line":115,"column":3}},"loc":{"start":{"line":110,"column":2},"end":{"line":115,"column":3}},"line":110},"7":{"name":"supportKeyboardNavigation","decl":{"start":{"line":117,"column":2},"end":{"line":148,"column":3}},"loc":{"start":{"line":117,"column":2},"end":{"line":148,"column":3}},"line":117},"8":{"name":"onChange","decl":{"start":{"line":166,"column":20},"end":{"line":175,"column":12}},"loc":{"start":{"line":166,"column":20},"end":{"line":175,"column":12}},"line":166},"9":{"name":"onClick","decl":{"start":{"line":197,"column":21},"end":{"line":205,"column":14}},"loc":{"start":{"line":197,"column":21},"end":{"line":205,"column":14}},"line":197},"10":{"name":"ref","decl":{"start":{"line":215,"column":21},"end":{"line":215,"column":82}},"loc":{"start":{"line":215,"column":21},"end":{"line":215,"column":82}},"line":215},"11":{"name":"onClick","decl":{"start":{"line":219,"column":25},"end":{"line":237,"column":18}},"loc":{"start":{"line":219,"column":25},"end":{"line":237,"column":18}},"line":219}},"f":{"0":19,"1":10,"2":21,"3":23,"4":8,"5":14,"6":11,"7":5,"8":1,"9":9,"10":76,"11":7}}
}
